<?xml version="1.0" encoding="UTF-8"?>
<testsuite xmlns:xsi="http://www.w3.org/2001/XMLSchema-instance" xsi:noNamespaceSchemaLocation="https://maven.apache.org/surefire/maven-surefire-plugin/xsd/surefire-test-report-3.0.xsd" version="3.0" name="runner.TestRunner" time="3.09" tests="1" errors="0" skipped="0" failures="0">
  <properties>
[...]
</properties>
  <testcase name="Check if the pod is in Running state" classname="Pod health check" time="1.853">
    <system-out><![CDATA[
Scenario: Check if the pod is in Running state                  &amp#27;[90m# src/test/resources/features/pod.feature:3&amp#27;[0m
  &amp#27;[32mGiven &amp#27;[0m&amp#27;[32mthe mini Kube cluster is accessible&amp#27;[0m                     &amp#27;[90m# stepdefinitions.StepDefinitions.given_the_mini_kube_cluster_is_accessible()&amp#27;[0m
  &amp#27;[32mWhen &amp#27;[0m&amp#27;[32mI check the status of the pod with label &amp#27;[0m&amp#27;[32m&amp#27;[1m"app=flask-api"&amp#27;[0m &amp#27;[90m# stepdefinitions.StepDefinitions.when_i_check_the_status_of_the_pod_with_label(java.lang.String)&amp#27;[0m
  &amp#27;[32mThen &amp#27;[0m&amp#27;[32mthe pod status should be &amp#27;[0m&amp#27;[32m&amp#27;[1m"Running"&amp#27;[0m                       &amp#27;[90m# stepdefinitions.StepDefinitions.then_the_pod_status_should_be(java.lang.String)&amp#27;[0m
]]></system-out>
  </testcase>
</testsuite>